Starting Orca deployment...
Installing Orca (domain 'tufin-demo' project 'my-project')...
ATTENTION: Working with the cluster 'docker-for-desktop'. Continue? [Y/n]
Checking cluster's API versions...
'RBAC' API detected
'NETWORK POLICY' API detected
Detecting DNS deployment
Checking previous versions...
Verifying namespace 'tufin-system'...
Creating namespace 'tufin-system'...
Validating namespace 'tufin-system' creation...
Verifying secrets 'tufin-kite-secrets'...
Creating secrets 'tufin-kite-secrets'...
Verifying configmap 'orca-config'...
Creating configmap 'orca-config'...
RBAC detected - creating 'kite' roles...
Creating Orca Policy CRD...
Verifying agent deployment 'kite'...
Creating agent deployment 'kite'...
Validating agent deployment 'kite' creation...
Installing tufin monitor
coredns detected as default DNS deployment
Saving current deployment 'coredns' to local file 'coredns-dns.old.yaml'...
Creating 'coredns' roles...
Creating 'coredns' configmap...
Patching service 'kube-dns'...
Validating service 'kube-dns' patched...
Patching container 'coredns' in deployment 'coredns'...
Validating container 'coredns' in deployment 'coredns' patched...
Orca deployment finished.
HTTP/2 200 
date: Mon, 03 Feb 2020 14:57:37 GMT
content-length: 0
x-envoy-upstream-service-time: 117
server: istio-envoy
content-security-policy: frame-src 'self'; frame-ancestors 'self'; object-src 'none';
x-frame-options: SAMEORIGIN
x-xss-protection: 1; mode=block
x-content-type-options: nosniff
referrer-policy: no-referrer
x-download-options: noopen
x-dns-prefetch-control: off
feature-policy: camera 'none';microphone 'none';geolocation 'none';encrypted-media 'none';payment 'none';speaker 'none';usb 'none';
strict-transport-security: max-age=31536000; includeSubDomains
via: 1.1 google
alt-svc: clear

HTTP/2 200 
date: Mon, 03 Feb 2020 14:57:38 GMT
content-length: 0
x-envoy-upstream-service-time: 86
server: istio-envoy
content-security-policy: frame-src 'self'; frame-ancestors 'self'; object-src 'none';
x-frame-options: SAMEORIGIN
x-xss-protection: 1; mode=block
x-content-type-options: nosniff
referrer-policy: no-referrer
x-download-options: noopen
x-dns-prefetch-control: off
feature-policy: camera 'none';microphone 'none';geolocation 'none';encrypted-media 'none';payment 'none';speaker 'none';usb 'none';
strict-transport-security: max-age=31536000; includeSubDomains
via: 1.1 google
alt-svc: clear

